<?xml version="1.0" encoding="UTF-8"?>
<!-- Generated by org.testng.reporters.JUnitReportReporter -->
<testsuite hostname="ShivAtharv" failures="0" tests="1" name="TestCases.TC_001_AccountRegistrationTest" time="7.650" errors="0" timestamp="2024-02-21T15:02:45 MST" skipped="0">
  <testcase classname="TestCases.TC_001_AccountRegistrationTest" name="verify_account_registration" time="7.650"/>
</testsuite> <!-- TestCases.TC_001_AccountRegistrationTest -->
