<?xml version="1.0" encoding="UTF-8"?>
<!-- Generated by org.testng.reporters.JUnitReportReporter -->
<testsuite hostname="ShivAtharv" failures="0" tests="1" name="TestCases.TC_002_LoginTest" time="2.804" errors="0" timestamp="2024-02-21T15:02:45 MST" skipped="0">
  <testcase classname="TestCases.TC_002_LoginTest" name="verify_login" time="2.804"/>
</testsuite> <!-- TestCases.TC_002_LoginTest -->
